<?xml version="1.0" encoding="UTF-8"?>
<testng-results skipped="0" failed="0" ignored="0" total="1" passed="1">
  <reporter-output>
  </reporter-output>
  <suite name="Default suite" duration-ms="16994" started-at="2022-03-01T05:38:48Z" finished-at="2022-03-01T05:39:05Z">
    <groups>
    </groups>
    <test name="Default test" duration-ms="16994" started-at="2022-03-01T05:38:48Z" finished-at="2022-03-01T05:39:05Z">
      <class name="com.restAssured.SamplePatchRequest">
        <test-method status="PASS" signature="patchRequestExamle()[pri:0, instance:com.restAssured.SamplePatchRequest@62ee68d8]" name="patchRequestExamle" duration-ms="16842" started-at="2022-03-01T11:08:48Z" finished-at="2022-03-01T11:09:05Z">
          <reporter-output>
          </reporter-output>
        </test-method> <!-- patchRequestExamle -->
      </class> <!-- com.restAssured.SamplePatchRequest -->
    </test> <!-- Default test -->
  </suite> <!-- Default suite -->
</testng-results>
